2022-12-22 04:09:43:442 [Appium] Welcome to Appium v1.22.3
2022-12-22 04:09:43:451 [Appium] Non-default server args:
2022-12-22 04:09:43:452 [Appium]   port: 47960
2022-12-22 04:09:43:453 [Appium]   sessionOverride: true
2022-12-22 04:09:43:454 [Appium]   logFile: E:\appium1\appium-cucumberbdd-master\Android_X990\Server.log
2022-12-22 04:09:43:537 [Appium] Appium REST http interface listener started on 0.0.0.0:47960
2022-12-22 04:09:44:390 [HTTP] --> GET /wd/hub/status
2022-12-22 04:09:44:392 [HTTP] {}
2022-12-22 04:09:44:397 [GENERIC] Calling AppiumDriver.getStatus() with args: []
2022-12-22 04:09:44:406 [GENERIC] Responding to client with driver.getStatus() result: {"build":{"version":"1.22.3"}}
2022-12-22 04:09:44:442 [HTTP] <-- GET /wd/hub/status 200 35 ms - 68
2022-12-22 04:09:44:444 [HTTP] 
2022-12-22 04:09:44:512 [HTTP] --> GET /wd/hub/status
2022-12-22 04:09:44:512 [HTTP] {}
2022-12-22 04:09:44:513 [GENERIC] Calling AppiumDriver.getStatus() with args: []
2022-12-22 04:09:44:513 [GENERIC] Responding to client with driver.getStatus() result: {"build":{"version":"1.22.3"}}
2022-12-22 04:09:44:515 [HTTP] <-- GET /wd/hub/status 200 3 ms - 68
2022-12-22 04:09:44:516 [HTTP] 
2022-12-22 04:09:46:160 [HTTP] --> POST /wd/hub/session
2022-12-22 04:09:46:160 [HTTP] {"desiredCapabilities":{"app":"E:\\appium1\\appium-cucumberbdd-master\\src\\test\\resources\\apps\\BML_V2.57_TEST.apk","appActivity":"epic.epicposandroidapp.MainActivity","appPackage":"ml.epic.android.pos","automationName":"UiAutomator2","chromeDriverPort":"11000","platformName":"Android","udid":"ee1e07a","deviceName":"X990","systemPort":"10000"},"capabilities":{"firstMatch":[{"appium:app":"E:\\appium1\\appium-cucumberbdd-master\\src\\test\\resources\\apps\\BML_V2.57_TEST.apk","appium:appActivity":"epic.epicposandroidapp.MainActivity","appium:appPackage":"ml.epic.android.pos","appium:automationName":"UiAutomator2","chromeDriverPort":"11000","appium:deviceName":"X990","platformName":"android","appium:systemPort":"10000","appium:udid":"ee1e07a"}]}}
2022-12-22 04:09:46:161 [W3C] Calling AppiumDriver.createSession() with args: [{"app":"E:\\appium1\\appium-cucumberbdd-master\\src\\test\\resources\\apps\\BML_V2.57_TEST.apk","appActivity":"epic.epicposandroidapp.MainActivity","appPackage":"ml.epic.android.pos","automationName":"UiAutomator2","chromeDriverPort":"11000","platformName":"Android","udid":"ee1e07a","deviceName":"X990","systemPort":"10000"},null,{"firstMatch":[{"appium:app":"E:\\appium1\\appium-cucumberbdd-master\\src\\test\\resources\\apps\\BML_V2.57_TEST.apk","appium:appActivity":"epic.epicposandroidapp.MainActivity","appium:appPackage":"ml.epic.android.pos","appium:automationName":"UiAutomator2","chromeDriverPort":"11000","appium:deviceName":"X990","platformName":"android","appium:systemPort":"10000","appium:udid":"ee1e07a"}]}]
2022-12-22 04:09:46:162 [BaseDriver] Event 'newSessionRequested' logged at 1671682186162 (20:09:46 GMT-0800 (Pacific Standard Time))
2022-12-22 04:09:46:166 [BaseDriver] The following capabilities are not standard capabilities and should have an extension prefix:
2022-12-22 04:09:46:166 [BaseDriver]   chromeDriverPort
2022-12-22 04:09:49:214 [Appium] Appium v1.22.3 creating new AndroidUiautomator2Driver (v1.70.1) session
2022-12-22 04:09:49:214 [Appium] There are no active sessions for cleanup
2022-12-22 04:09:49:219 [BaseDriver] W3C capabilities and MJSONWP desired capabilities were provided
2022-12-22 04:09:49:220 [BaseDriver] Creating session with W3C capabilities: {
2022-12-22 04:09:49:220 [BaseDriver]   "alwaysMatch": {
2022-12-22 04:09:49:220 [BaseDriver]     "appium:chromeDriverPort": "11000",
2022-12-22 04:09:49:221 [BaseDriver]     "platformName": "android",
2022-12-22 04:09:49:221 [BaseDriver]     "appium:app": "E:\\appium1\\appium-cucumberbdd-master\\src\\test\\resources\\apps\\BML_V2.57_TEST.apk",
2022-12-22 04:09:49:222 [BaseDriver]     "appium:appActivity": "epic.epicposandroidapp.MainActivity",
2022-12-22 04:09:49:222 [BaseDriver]     "appium:appPackage": "ml.epic.android.pos",
2022-12-22 04:09:49:222 [BaseDriver]     "appium:automationName": "UiAutomator2",
2022-12-22 04:09:49:222 [BaseDriver]     "appium:deviceName": "X990",
2022-12-22 04:09:49:223 [BaseDriver]     "appium:systemPort": "10000",
2022-12-22 04:09:49:223 [BaseDriver]     "appium:udid": "ee1e07a"
2022-12-22 04:09:49:224 [BaseDriver]   },
2022-12-22 04:09:49:224 [BaseDriver]   "firstMatch": [
2022-12-22 04:09:49:224 [BaseDriver]     {}
2022-12-22 04:09:49:224 [BaseDriver]   ]
2022-12-22 04:09:49:224 [BaseDriver] }
2022-12-22 04:09:49:229 [BaseDriver] Number capability passed in as string. Functionality may be compromised.
2022-12-22 04:09:49:230 [BaseDriver] Number capability passed in as string. Functionality may be compromised.
2022-12-22 04:09:49:236 [BaseDriver] Capability 'systemPort' changed from string ('10000') to integer (10000). This may cause unexpected behavior
2022-12-22 04:09:49:236 [BaseDriver] Capability 'chromeDriverPort' changed from string ('11000') to integer (11000). This may cause unexpected behavior
2022-12-22 04:09:49:283 [BaseDriver] Session created with session id: c5a5057a-3a8b-489d-9c2e-9cb080d9bacb
2022-12-22 04:09:49:288 [BaseDriver] Using local app 'E:\appium1\appium-cucumberbdd-master\src\test\resources\apps\BML_V2.57_TEST.apk'
2022-12-22 04:09:49:289 [UiAutomator2] Checking whether app is actually present
2022-12-22 04:09:49:359 [ADB] Found 2 'build-tools' folders under 'E:\Junit\Android\Sdk' (newest first):
2022-12-22 04:09:49:359 [ADB]     E:/Junit/Android/Sdk/build-tools/33.0.1
2022-12-22 04:09:49:359 [ADB]     E:/Junit/Android/Sdk/build-tools/30.0.3
2022-12-22 04:09:49:364 [ADB] Using 'adb.exe' from 'E:\Junit\Android\Sdk\platform-tools\adb.exe'
2022-12-22 04:09:49:395 [ADB] Running 'E:\Junit\Android\Sdk\platform-tools\adb.exe -P 5037 start-server'
2022-12-22 04:09:49:731 [AndroidDriver] Retrieving device list
2022-12-22 04:09:49:732 [ADB] Trying to find a connected android device
2022-12-22 04:09:49:733 [ADB] Getting connected devices
2022-12-22 04:09:49:780 [ADB] Connected devices: [{"udid":"ee1e07a","state":"device"}]
2022-12-22 04:09:49:781 [AndroidDriver] Using device: ee1e07a
2022-12-22 04:09:49:782 [ADB] Using 'adb.exe' from 'E:\Junit\Android\Sdk\platform-tools\adb.exe'
2022-12-22 04:09:49:782 [ADB] Running 'E:\Junit\Android\Sdk\platform-tools\adb.exe -P 5037 start-server'
2022-12-22 04:09:49:809 [ADB] Setting device id to ee1e07a
2022-12-22 04:09:49:809 [ADB] Running 'E:\Junit\Android\Sdk\platform-tools\adb.exe -P 5037 -s ee1e07a shell getprop ro.build.version.sdk'
2022-12-22 04:09:50:015 [ADB] Current device property 'ro.build.version.sdk': 25
2022-12-22 04:09:50:015 [ADB] Device API level: 25
2022-12-22 04:09:50:018 [ADB] Running 'E:\Junit\Android\Sdk\platform-tools\adb.exe -P 5037 -s ee1e07a wait-for-device'
2022-12-22 04:09:50:061 [ADB] Running 'E:\Junit\Android\Sdk\platform-tools\adb.exe -P 5037 -s ee1e07a shell echo ping'
2022-12-22 04:09:50:146 [AndroidDriver] Pushing settings apk to device...
2022-12-22 04:09:50:148 [ADB] Getting install status for io.appium.settings
2022-12-22 04:09:50:148 [ADB] Running 'E:\Junit\Android\Sdk\platform-tools\adb.exe -P 5037 -s ee1e07a shell dumpsys package io.appium.settings'
2022-12-22 04:09:50:276 [ADB] 'io.appium.settings' is installed
2022-12-22 04:09:50:277 [ADB] Getting package info for 'io.appium.settings'
2022-12-22 04:09:50:277 [ADB] Running 'E:\Junit\Android\Sdk\platform-tools\adb.exe -P 5037 -s ee1e07a shell dumpsys package io.appium.settings'
2022-12-22 04:09:50:512 [ADB] The version name of the installed 'io.appium.settings' is greater or equal to the application version name ('3.4.0' >= '3.4.0')
2022-12-22 04:09:50:513 [ADB] There is no need to install/upgrade 'C:\Users\mgant\AppData\Roaming\npm\node_modules\appium\node_modules\io.appium.settings\apks\settings_apk-debug.apk'
2022-12-22 04:09:50:514 [ADB] Getting IDs of all 'io.appium.settings' processes
2022-12-22 04:09:50:515 [ADB] Running 'E:\Junit\Android\Sdk\platform-tools\adb.exe -P 5037 -s ee1e07a shell 'pgrep --help; echo $?''
2022-12-22 04:09:50:645 [ADB] Running 'E:\Junit\Android\Sdk\platform-tools\adb.exe -P 5037 -s ee1e07a shell 'pgrep ^appium\\.settings$ || pgrep ^io\\.appium\\.setti$''
2022-12-22 04:09:50:836 [AndroidDriver] io.appium.settings is already running. There is no need to reset its permissions.
2022-12-22 04:09:50:838 [ADB] Running 'E:\Junit\Android\Sdk\platform-tools\adb.exe -P 5037 -s ee1e07a shell appops set io.appium.settings android:mock_location allow'
2022-12-22 04:09:50:989 [Logcat] Starting logs capture with command: E:\\Junit\\Android\\Sdk\\platform-tools\\adb.exe -P 5037 -s ee1e07a logcat -v threadtime
2022-12-22 04:09:51:144 [UiAutomator2] Forwarding UiAutomator2 Server port 6790 to local port 10000
2022-12-22 04:09:51:150 [UiAutomator2] UiAutomator2 Server cannot start because the local port #10000 is busy. Make sure the port you provide via 'systemPort' capability is not occupied. This situation might often be a result of an inaccurate sessions management, e.g. old automation sessions on the same device must always be closed before starting new ones.
2022-12-22 04:09:51:151 [UiAutomator2] Deleting UiAutomator2 session
2022-12-22 04:09:51:152 [ADB] Running 'E:\Junit\Android\Sdk\platform-tools\adb.exe -P 5037 -s ee1e07a shell am force-stop ml.epic.android.pos'
2022-12-22 04:09:52:843 [Logcat] Stopping logcat capture
2022-12-22 04:09:52:888 [ADB] Removing forwarded port socket connection: 10000 
2022-12-22 04:09:52:888 [ADB] Running 'E:\Junit\Android\Sdk\platform-tools\adb.exe -P 5037 -s ee1e07a forward --remove tcp:10000'
2022-12-22 04:09:52:980 [BaseDriver] Event 'newSessionStarted' logged at 1671682192980 (20:09:52 GMT-0800 (Pacific Standard Time))
2022-12-22 04:09:53:033 [W3C] Encountered internal error running command: Error: UiAutomator2 Server cannot start because the local port #10000 is busy. Make sure the port you provide via 'systemPort' capability is not occupied. This situation might often be a result of an inaccurate sessions management, e.g. old automation sessions on the same device must always be closed before starting new ones.
2022-12-22 04:09:53:033 [W3C]     at Object.errorAndThrow (C:\Users\mgant\AppData\Roaming\npm\node_modules\appium\node_modules\appium-support\lib\logging.js:94:35)
2022-12-22 04:09:53:033 [W3C]     at forwardPort (C:\Users\mgant\AppData\Roaming\npm\node_modules\appium\node_modules\appium-uiautomator2-driver\lib\driver.js:284:16)
2022-12-22 04:09:53:033 [W3C]     at AndroidUiautomator2Driver.allocateSystemPort (C:\Users\mgant\AppData\Roaming\npm\node_modules\appium\node_modules\appium-uiautomator2-driver\lib\driver.js:294:14)
2022-12-22 04:09:53:034 [W3C]     at AndroidUiautomator2Driver.startUiAutomator2Session (C:\Users\mgant\AppData\Roaming\npm\node_modules\appium\node_modules\appium-uiautomator2-driver\lib\driver.js:383:5)
2022-12-22 04:09:53:034 [W3C]     at AndroidUiautomator2Driver.createSession (C:\Users\mgant\AppData\Roaming\npm\node_modules\appium\node_modules\appium-uiautomator2-driver\lib\driver.js:229:7)
2022-12-22 04:09:53:034 [W3C]     at AppiumDriver.createSession (C:\Users\mgant\AppData\Roaming\npm\node_modules\appium\lib\appium.js:387:35)
2022-12-22 04:09:53:047 [HTTP] <-- POST /wd/hub/session 500 6885 ms - 1201
2022-12-22 04:09:53:048 [HTTP] 
